0 info it worked if it ends with ok
1 verbose cli [ '/usr/bin/node', '/usr/bin/npm', 'install', '-g', 'marked' ]
2 info using npm@3.5.2
3 info using node@v8.10.0
4 silly loadCurrentTree Starting
5 silly install loadCurrentTree
6 silly install readGlobalPackageData
7 silly fetchPackageMetaData marked
8 silly fetchNamedPackageData marked
9 silly mapToRegistry name marked
10 silly mapToRegistry using default registry
11 silly mapToRegistry registry https://registry.npmjs.org/
12 silly mapToRegistry uri https://registry.npmjs.org/marked
13 verbose request uri https://registry.npmjs.org/marked
14 verbose request no auth needed
15 info attempt registry request try #1 at 9:00:53 PM
16 verbose request id 4eb459085a8da71e
17 http request GET https://registry.npmjs.org/marked
18 info retry will retry, error on last attempt: Error: tunneling socket could not be established, statusCode=407
19 info attempt registry request try #2 at 9:01:03 PM
20 http request GET https://registry.npmjs.org/marked
21 info retry will retry, error on last attempt: Error: tunneling socket could not be established, statusCode=407
22 info attempt registry request try #3 at 9:02:03 PM
23 http request GET https://registry.npmjs.org/marked
24 silly fetchPackageMetaData Error: tunneling socket could not be established, statusCode=407
24 silly fetchPackageMetaData     at ClientRequest.onConnect (/usr/share/npm/node_modules/request/node_modules/tunnel-agent/index.js:163:19)
24 silly fetchPackageMetaData     at Object.onceWrapper (events.js:319:30)
24 silly fetchPackageMetaData     at emitThree (events.js:136:13)
24 silly fetchPackageMetaData     at ClientRequest.emit (events.js:217:7)
24 silly fetchPackageMetaData     at Socket.socketOnData (_http_client.js:472:11)
24 silly fetchPackageMetaData     at emitOne (events.js:116:13)
24 silly fetchPackageMetaData     at Socket.emit (events.js:211:7)
24 silly fetchPackageMetaData     at addChunk (_stream_readable.js:263:12)
24 silly fetchPackageMetaData     at readableAddChunk (_stream_readable.js:250:11)
24 silly fetchPackageMetaData     at Socket.Readable.push (_stream_readable.js:208:10)
24 silly fetchPackageMetaData  error for marked { Error: tunneling socket could not be established, statusCode=407
24 silly fetchPackageMetaData     at ClientRequest.onConnect (/usr/share/npm/node_modules/request/node_modules/tunnel-agent/index.js:163:19)
24 silly fetchPackageMetaData     at Object.onceWrapper (events.js:319:30)
24 silly fetchPackageMetaData     at emitThree (events.js:136:13)
24 silly fetchPackageMetaData     at ClientRequest.emit (events.js:217:7)
24 silly fetchPackageMetaData     at Socket.socketOnData (_http_client.js:472:11)
24 silly fetchPackageMetaData     at emitOne (events.js:116:13)
24 silly fetchPackageMetaData     at Socket.emit (events.js:211:7)
24 silly fetchPackageMetaData     at addChunk (_stream_readable.js:263:12)
24 silly fetchPackageMetaData     at readableAddChunk (_stream_readable.js:250:11)
24 silly fetchPackageMetaData     at Socket.Readable.push (_stream_readable.js:208:10) code: 'ECONNRESET' }
25 silly rollbackFailedOptional Starting
26 silly rollbackFailedOptional Finishing
27 silly runTopLevelLifecycles Starting
28 silly runTopLevelLifecycles Finishing
29 silly install printInstalled
30 verbose stack Error: tunneling socket could not be established, statusCode=407
30 verbose stack     at ClientRequest.onConnect (/usr/share/npm/node_modules/request/node_modules/tunnel-agent/index.js:163:19)
30 verbose stack     at Object.onceWrapper (events.js:319:30)
30 verbose stack     at emitThree (events.js:136:13)
30 verbose stack     at ClientRequest.emit (events.js:217:7)
30 verbose stack     at Socket.socketOnData (_http_client.js:472:11)
30 verbose stack     at emitOne (events.js:116:13)
30 verbose stack     at Socket.emit (events.js:211:7)
30 verbose stack     at addChunk (_stream_readable.js:263:12)
30 verbose stack     at readableAddChunk (_stream_readable.js:250:11)
30 verbose stack     at Socket.Readable.push (_stream_readable.js:208:10)
31 verbose cwd /home/prateek/Documents/G/m/presentation-mgeek.in-jekyll-theme
32 error Linux 4.15.0-54-generic
33 error argv "/usr/bin/node" "/usr/bin/npm" "install" "-g" "marked"
34 error node v8.10.0
35 error npm  v3.5.2
36 error code ECONNRESET
37 error network tunneling socket could not be established, statusCode=407
38 error network This is most likely not a problem with npm itself
38 error network and is related to network connectivity.
38 error network In most cases you are behind a proxy or have bad network settings.
38 error network
38 error network If you are behind a proxy, please make sure that the
38 error network 'proxy' config is set properly.  See: 'npm help config'
39 verbose exit [ 1, true ]
